<?xml version="1.0" encoding="UTF-8"?>
<!-- Generated by org.testng.reporters.JUnitReportReporter -->
<testsuite hostname="LAPTOP-L5M96ECR" failures="0" tests="2" name="testCases.VerifyLoginPage" time="23.292" errors="0" timestamp="2023-02-13T23:04:14 IST" skipped="0">
  <testcase classname="testCases.VerifyLoginPage" name="login" time="8.333"/>
  <system-out/>
  <testcase classname="testCases.VerifyLoginPage" name="login" time="14.959"/>
  <system-out/>
</testsuite> <!-- testCases.VerifyLoginPage -->
